
--- Job MainPowerFlow.gms Start 10/19/15 15:56:11 24.5.3 r54322 WEX-WEI x86 64bit/MS Windows
GAMS 24.5.3   Copyright (C) 1987-2015 GAMS Development. All rights reserved
Licensee: Course License, Introduction to Decision Suppo G150929:0359AO-GEN
          TU Delft, Faculteit Elektrotechniek, Wiskunde en InformatiDC12029
          License for teaching and research at degree granting institutions
--- Starting compilation
--- MainPowerFlow.gms(35) 2 Mb 1 Error
*** Error 282 in C:\Users\robin\Google Drive\TU Delft\Thesis\GAMS\projdir\Power Flow\MainPowerFlow.gms
    Unable to open include file
--- MainPowerFlow.gms(36) 2 Mb 2 Errors
*** Error   2 in C:\Users\robin\Google Drive\TU Delft\Thesis\GAMS\projdir\Power Flow\MainPowerFlow.gms
    Identifier expected
--- MainPowerFlow.gms(38) 2 Mb 4 Errors
*** Error 361 in C:\Users\robin\Google Drive\TU Delft\Thesis\GAMS\projdir\Power Flow\MainPowerFlow.gms
    Values for domain 1 are unknown - no checking possible
*** Error 362 in C:\Users\robin\Google Drive\TU Delft\Thesis\GAMS\projdir\Power Flow\MainPowerFlow.gms
    Values for domain 2 are unknown - no checking possible
--- MainPowerFlow.gms(39) 2 Mb 5 Errors
*** Error 282 in C:\Users\robin\Google Drive\TU Delft\Thesis\GAMS\projdir\Power Flow\MainPowerFlow.gms
    Unable to open include file
--- MainPowerFlow.gms(40) 2 Mb 6 Errors
*** Error 463 in C:\Users\robin\Google Drive\TU Delft\Thesis\GAMS\projdir\Power Flow\MainPowerFlow.gms
    The column section in the previous table is missing
--- MainPowerFlow.gms(42) 2 Mb 8 Errors
*** Error 361 in C:\Users\robin\Google Drive\TU Delft\Thesis\GAMS\projdir\Power Flow\MainPowerFlow.gms
    Values for domain 1 are unknown - no checking possible
*** Error 362 in C:\Users\robin\Google Drive\TU Delft\Thesis\GAMS\projdir\Power Flow\MainPowerFlow.gms
    Values for domain 2 are unknown - no checking possible
--- MainPowerFlow.gms(43) 2 Mb 9 Errors
*** Error 282 in C:\Users\robin\Google Drive\TU Delft\Thesis\GAMS\projdir\Power Flow\MainPowerFlow.gms
    Unable to open include file
--- MainPowerFlow.gms(44) 2 Mb 10 Errors
*** Error 463 in C:\Users\robin\Google Drive\TU Delft\Thesis\GAMS\projdir\Power Flow\MainPowerFlow.gms
    The column section in the previous table is missing
--- MainPowerFlow.gms(46) 2 Mb 12 Errors
*** Error 361 in C:\Users\robin\Google Drive\TU Delft\Thesis\GAMS\projdir\Power Flow\MainPowerFlow.gms
    Values for domain 1 are unknown - no checking possible
*** Error 362 in C:\Users\robin\Google Drive\TU Delft\Thesis\GAMS\projdir\Power Flow\MainPowerFlow.gms
    Values for domain 2 are unknown - no checking possible
--- MainPowerFlow.gms(47) 2 Mb 13 Errors
*** Error 282 in C:\Users\robin\Google Drive\TU Delft\Thesis\GAMS\projdir\Power Flow\MainPowerFlow.gms
    Unable to open include file
--- MainPowerFlow.gms(48) 2 Mb 14 Errors
*** Error 463 in C:\Users\robin\Google Drive\TU Delft\Thesis\GAMS\projdir\Power Flow\MainPowerFlow.gms
    The column section in the previous table is missing
--- MainPowerFlow.gms(50) 2 Mb 16 Errors
*** Error 361 in C:\Users\robin\Google Drive\TU Delft\Thesis\GAMS\projdir\Power Flow\MainPowerFlow.gms
    Values for domain 1 are unknown - no checking possible
*** Error 362 in C:\Users\robin\Google Drive\TU Delft\Thesis\GAMS\projdir\Power Flow\MainPowerFlow.gms
    Values for domain 2 are unknown - no checking possible
--- MainPowerFlow.gms(51) 2 Mb 17 Errors
*** Error 282 in C:\Users\robin\Google Drive\TU Delft\Thesis\GAMS\projdir\Power Flow\MainPowerFlow.gms
    Unable to open include file
--- MainPowerFlow.gms(52) 2 Mb 18 Errors
*** Error 463 in C:\Users\robin\Google Drive\TU Delft\Thesis\GAMS\projdir\Power Flow\MainPowerFlow.gms
    The column section in the previous table is missing
--- MainPowerFlow.gms(54) 2 Mb 20 Errors
*** Error 361 in C:\Users\robin\Google Drive\TU Delft\Thesis\GAMS\projdir\Power Flow\MainPowerFlow.gms
    Values for domain 1 are unknown - no checking possible
*** Error 362 in C:\Users\robin\Google Drive\TU Delft\Thesis\GAMS\projdir\Power Flow\MainPowerFlow.gms
    Values for domain 2 are unknown - no checking possible
--- MainPowerFlow.gms(55) 2 Mb 21 Errors
*** Error 282 in C:\Users\robin\Google Drive\TU Delft\Thesis\GAMS\projdir\Power Flow\MainPowerFlow.gms
    Unable to open include file
--- MainPowerFlow.gms(56) 2 Mb 22 Errors
*** Error 463 in C:\Users\robin\Google Drive\TU Delft\Thesis\GAMS\projdir\Power Flow\MainPowerFlow.gms
    The column section in the previous table is missing
--- MainPowerFlow.gms(58) 2 Mb 24 Errors
*** Error 361 in C:\Users\robin\Google Drive\TU Delft\Thesis\GAMS\projdir\Power Flow\MainPowerFlow.gms
    Values for domain 1 are unknown - no checking possible
*** Error 362 in C:\Users\robin\Google Drive\TU Delft\Thesis\GAMS\projdir\Power Flow\MainPowerFlow.gms
    Values for domain 2 are unknown - no checking possible
--- MainPowerFlow.gms(59) 2 Mb 25 Errors
*** Error 282 in C:\Users\robin\Google Drive\TU Delft\Thesis\GAMS\projdir\Power Flow\MainPowerFlow.gms
    Unable to open include file
--- MainPowerFlow.gms(60) 2 Mb 26 Errors
*** Error 463 in C:\Users\robin\Google Drive\TU Delft\Thesis\GAMS\projdir\Power Flow\MainPowerFlow.gms
    The column section in the previous table is missing
--- MainPowerFlow.gms(62) 3 Mb 31 Errors
*** Error 352 in C:\Users\robin\Google Drive\TU Delft\Thesis\GAMS\projdir\Power Flow\MainPowerFlow.gms
    Set has not been initialized
*** Error 352 in C:\Users\robin\Google Drive\TU Delft\Thesis\GAMS\projdir\Power Flow\MainPowerFlow.gms
    Set has not been initialized
*** Error 352 in C:\Users\robin\Google Drive\TU Delft\Thesis\GAMS\projdir\Power Flow\MainPowerFlow.gms
    Set has not been initialized
*** Error 352 in C:\Users\robin\Google Drive\TU Delft\Thesis\GAMS\projdir\Power Flow\MainPowerFlow.gms
    Set has not been initialized
*** Error 116 in C:\Users\robin\Google Drive\TU Delft\Thesis\GAMS\projdir\Power Flow\MainPowerFlow.gms
    Label is unknown
--- MainPowerFlow.gms(63) 3 Mb 36 Errors
*** Error 352 in C:\Users\robin\Google Drive\TU Delft\Thesis\GAMS\projdir\Power Flow\MainPowerFlow.gms
    Set has not been initialized
*** Error 352 in C:\Users\robin\Google Drive\TU Delft\Thesis\GAMS\projdir\Power Flow\MainPowerFlow.gms
    Set has not been initialized
*** Error 352 in C:\Users\robin\Google Drive\TU Delft\Thesis\GAMS\projdir\Power Flow\MainPowerFlow.gms
    Set has not been initialized
*** Error 352 in C:\Users\robin\Google Drive\TU Delft\Thesis\GAMS\projdir\Power Flow\MainPowerFlow.gms
    Set has not been initialized
*** Error 116 in C:\Users\robin\Google Drive\TU Delft\Thesis\GAMS\projdir\Power Flow\MainPowerFlow.gms
    Label is unknown
--- MainPowerFlow.gms(64) 3 Mb 41 Errors
*** Error 352 in C:\Users\robin\Google Drive\TU Delft\Thesis\GAMS\projdir\Power Flow\MainPowerFlow.gms
    Set has not been initialized
*** Error 352 in C:\Users\robin\Google Drive\TU Delft\Thesis\GAMS\projdir\Power Flow\MainPowerFlow.gms
    Set has not been initialized
*** Error 352 in C:\Users\robin\Google Drive\TU Delft\Thesis\GAMS\projdir\Power Flow\MainPowerFlow.gms
    Set has not been initialized
*** Error 352 in C:\Users\robin\Google Drive\TU Delft\Thesis\GAMS\projdir\Power Flow\MainPowerFlow.gms
    Set has not been initialized
*** Error 116 in C:\Users\robin\Google Drive\TU Delft\Thesis\GAMS\projdir\Power Flow\MainPowerFlow.gms
    Label is unknown
--- MainPowerFlow.gms(65) 3 Mb 46 Errors
*** Error 352 in C:\Users\robin\Google Drive\TU Delft\Thesis\GAMS\projdir\Power Flow\MainPowerFlow.gms
    Set has not been initialized
*** Error 352 in C:\Users\robin\Google Drive\TU Delft\Thesis\GAMS\projdir\Power Flow\MainPowerFlow.gms
    Set has not been initialized
*** Error 352 in C:\Users\robin\Google Drive\TU Delft\Thesis\GAMS\projdir\Power Flow\MainPowerFlow.gms
    Set has not been initialized
*** Error 352 in C:\Users\robin\Google Drive\TU Delft\Thesis\GAMS\projdir\Power Flow\MainPowerFlow.gms
    Set has not been initialized
*** Error 116 in C:\Users\robin\Google Drive\TU Delft\Thesis\GAMS\projdir\Power Flow\MainPowerFlow.gms
    Label is unknown
--- MainPowerFlow.gms(66) 3 Mb 51 Errors
*** Error 352 in C:\Users\robin\Google Drive\TU Delft\Thesis\GAMS\projdir\Power Flow\MainPowerFlow.gms
    Set has not been initialized
*** Error 352 in C:\Users\robin\Google Drive\TU Delft\Thesis\GAMS\projdir\Power Flow\MainPowerFlow.gms
    Set has not been initialized
*** Error 352 in C:\Users\robin\Google Drive\TU Delft\Thesis\GAMS\projdir\Power Flow\MainPowerFlow.gms
    Set has not been initialized
*** Error 352 in C:\Users\robin\Google Drive\TU Delft\Thesis\GAMS\projdir\Power Flow\MainPowerFlow.gms
    Set has not been initialized
*** Error 116 in C:\Users\robin\Google Drive\TU Delft\Thesis\GAMS\projdir\Power Flow\MainPowerFlow.gms
    Label is unknown
--- MainPowerFlow.gms(67) 3 Mb 55 Errors
*** Error 352 in C:\Users\robin\Google Drive\TU Delft\Thesis\GAMS\projdir\Power Flow\MainPowerFlow.gms
    Set has not been initialized
*** Error 352 in C:\Users\robin\Google Drive\TU Delft\Thesis\GAMS\projdir\Power Flow\MainPowerFlow.gms
    Set has not been initialized
*** Error 352 in C:\Users\robin\Google Drive\TU Delft\Thesis\GAMS\projdir\Power Flow\MainPowerFlow.gms
    Set has not been initialized
*** Error 352 in C:\Users\robin\Google Drive\TU Delft\Thesis\GAMS\projdir\Power Flow\MainPowerFlow.gms
    Set has not been initialized
--- MainPowerFlow.gms(68) 3 Mb 60 Errors
*** Error 352 in C:\Users\robin\Google Drive\TU Delft\Thesis\GAMS\projdir\Power Flow\MainPowerFlow.gms
    Set has not been initialized
*** Error 352 in C:\Users\robin\Google Drive\TU Delft\Thesis\GAMS\projdir\Power Flow\MainPowerFlow.gms
    Set has not been initialized
*** Error 352 in C:\Users\robin\Google Drive\TU Delft\Thesis\GAMS\projdir\Power Flow\MainPowerFlow.gms
    Set has not been initialized
*** Error 352 in C:\Users\robin\Google Drive\TU Delft\Thesis\GAMS\projdir\Power Flow\MainPowerFlow.gms
    Set has not been initialized
*** Error 116 in C:\Users\robin\Google Drive\TU Delft\Thesis\GAMS\projdir\Power Flow\MainPowerFlow.gms
    Label is unknown
--- MainPowerFlow.gms(108) 3 Mb 61 Errors
*** Error 352 in C:\Users\robin\Google Drive\TU Delft\Thesis\GAMS\projdir\Power Flow\MainPowerFlow.gms
    Set has not been initialized
--- MainPowerFlow.gms(109) 3 Mb 62 Errors
*** Error 352 in C:\Users\robin\Google Drive\TU Delft\Thesis\GAMS\projdir\Power Flow\MainPowerFlow.gms
    Set has not been initialized
--- MainPowerFlow.gms(110) 3 Mb 63 Errors
*** Error 353 in C:\Users\robin\Google Drive\TU Delft\Thesis\GAMS\projdir\Power Flow\MainPowerFlow.gms
    The domain for this index position is unknown and the element
       cannot be checked at this point. Missing data statement.
--- MainPowerFlow.gms(114) 3 Mb 67 Errors
*** Error 352 in C:\Users\robin\Google Drive\TU Delft\Thesis\GAMS\projdir\Power Flow\MainPowerFlow.gms
    Set has not been initialized
*** Error 352 in C:\Users\robin\Google Drive\TU Delft\Thesis\GAMS\projdir\Power Flow\MainPowerFlow.gms
    Set has not been initialized
*** Error 352 in C:\Users\robin\Google Drive\TU Delft\Thesis\GAMS\projdir\Power Flow\MainPowerFlow.gms
    Set has not been initialized
*** Error 352 in C:\Users\robin\Google Drive\TU Delft\Thesis\GAMS\projdir\Power Flow\MainPowerFlow.gms
    Set has not been initialized
--- MainPowerFlow.gms(115) 3 Mb 71 Errors
*** Error 352 in C:\Users\robin\Google Drive\TU Delft\Thesis\GAMS\projdir\Power Flow\MainPowerFlow.gms
    Set has not been initialized
*** Error 352 in C:\Users\robin\Google Drive\TU Delft\Thesis\GAMS\projdir\Power Flow\MainPowerFlow.gms
    Set has not been initialized
*** Error 352 in C:\Users\robin\Google Drive\TU Delft\Thesis\GAMS\projdir\Power Flow\MainPowerFlow.gms
    Set has not been initialized
*** Error 352 in C:\Users\robin\Google Drive\TU Delft\Thesis\GAMS\projdir\Power Flow\MainPowerFlow.gms
    Set has not been initialized
--- MainPowerFlow.gms(116) 3 Mb 75 Errors
*** Error 352 in C:\Users\robin\Google Drive\TU Delft\Thesis\GAMS\projdir\Power Flow\MainPowerFlow.gms
    Set has not been initialized
*** Error 352 in C:\Users\robin\Google Drive\TU Delft\Thesis\GAMS\projdir\Power Flow\MainPowerFlow.gms
    Set has not been initialized
*** Error 352 in C:\Users\robin\Google Drive\TU Delft\Thesis\GAMS\projdir\Power Flow\MainPowerFlow.gms
    Set has not been initialized
*** Error 352 in C:\Users\robin\Google Drive\TU Delft\Thesis\GAMS\projdir\Power Flow\MainPowerFlow.gms
    Set has not been initialized
--- MainPowerFlow.gms(117) 3 Mb 79 Errors
*** Error 352 in C:\Users\robin\Google Drive\TU Delft\Thesis\GAMS\projdir\Power Flow\MainPowerFlow.gms
    Set has not been initialized
*** Error 352 in C:\Users\robin\Google Drive\TU Delft\Thesis\GAMS\projdir\Power Flow\MainPowerFlow.gms
    Set has not been initialized
*** Error 352 in C:\Users\robin\Google Drive\TU Delft\Thesis\GAMS\projdir\Power Flow\MainPowerFlow.gms
    Set has not been initialized
*** Error 352 in C:\Users\robin\Google Drive\TU Delft\Thesis\GAMS\projdir\Power Flow\MainPowerFlow.gms
    Set has not been initialized
--- MainPowerFlow.gms(118) 3 Mb 83 Errors
*** Error 352 in C:\Users\robin\Google Drive\TU Delft\Thesis\GAMS\projdir\Power Flow\MainPowerFlow.gms
    Set has not been initialized
*** Error 352 in C:\Users\robin\Google Drive\TU Delft\Thesis\GAMS\projdir\Power Flow\MainPowerFlow.gms
    Set has not been initialized
*** Error 352 in C:\Users\robin\Google Drive\TU Delft\Thesis\GAMS\projdir\Power Flow\MainPowerFlow.gms
    Set has not been initialized
*** Error 352 in C:\Users\robin\Google Drive\TU Delft\Thesis\GAMS\projdir\Power Flow\MainPowerFlow.gms
    Set has not been initialized
--- MainPowerFlow.gms(135) 3 Mb 84 Errors
*** Error 257 in C:\Users\robin\Google Drive\TU Delft\Thesis\GAMS\projdir\Power Flow\MainPowerFlow.gms
    Solve statement not checked because of previous errors
--- MainPowerFlow.gms(143) 3 Mb 85 Errors
*** Error 141 in C:\Users\robin\Google Drive\TU Delft\Thesis\GAMS\projdir\Power Flow\MainPowerFlow.gms
    Symbol declared but no values have been assigned. Check for missing
       data definition, assignment, data loading or implicit assignment
       via a solve statement.
       A wild shot: You may have spurious commas in the explanatory
       text of a declaration. Check symbol reference list.
--- MainPowerFlow.gms(145) 3 Mb 86 Errors
*** Error 141 in C:\Users\robin\Google Drive\TU Delft\Thesis\GAMS\projdir\Power Flow\MainPowerFlow.gms
    Symbol declared but no values have been assigned. Check for missing
       data definition, assignment, data loading or implicit assignment
       via a solve statement.
       A wild shot: You may have spurious commas in the explanatory
       text of a declaration. Check symbol reference list.
--- MainPowerFlow.gms(146) 3 Mb 86 Errors
*** Status: Compilation error(s)
--- Job MainPowerFlow.gms Stop 10/19/15 15:56:11 elapsed 0:00:00.340
Exit code = 2
