
--- Job OPF.gms Start 10/21/15 11:06:47 24.5.3 r54322 WEX-WEI x86 64bit/MS Windows
GAMS 24.5.3   Copyright (C) 1987-2015 GAMS Development. All rights reserved
Licensee: Course License, Introduction to Decision Suppo G150929:0359AO-GEN
          TU Delft, Faculteit Elektrotechniek, Wiskunde en InformatiDC12029
          License for teaching and research at degree granting institutions
--- Starting compilation
--- OPF.gms(18) 2 Mb
--- .Indices_OPF.inc(18) 3 Mb
--- OPF.gms(22) 3 Mb
--- .Resistive_Network_OPF.inc(43) 3 Mb
--- OPF.gms(26) 3 Mb
--- .CCsources_OPF.inc(43) 3 Mb
--- OPF.gms(30) 3 Mb
--- .CCloads_OPF.inc(43) 3 Mb
--- OPF.gms(142) 3 Mb
--- Starting execution: elapsed 0:00:00.006
--- OPF.gms(249) 4 Mb
--- Generating LP model OPF
--- OPF.gms(270) 4 Mb
---   20 rows  20 columns  53 non-zeroes
--- Executing CPLEX: elapsed 0:00:00.025

IBM ILOG CPLEX   24.5.3 r54322 Released Oct  1, 2015 WEI x86 64bit/MS Windows 
Cplex 12.6.2.0

Reading data...
Starting Cplex...
Space for names approximately 0.00 Mb
Use option 'names no' to turn use of names off
Infeasibility row 'NodalCurrent(n3)':  0  = -5.
Presolve time = 0.00 sec. (0.00 ticks)
LP status(3): infeasible
Cplex Time: 0.00sec (det. 0.00 ticks)
Rerunning with presolve turned off and solving with LPMETHOD=0
Initializing dual steep norms . . .

Iteration      Dual Objective            In Variable           Out Variable
     1  I            0.000000                   cost     Costfunction artif
     2             -63.000000       CCSources(n4.n1)       CCSources(n1.n4)
     3             -54.000000       CCSources(n1.n4) NodalCurrent(n1) artif
     4             -45.000000       CCSources(n2.n6) NodalCurrent(n2) artif
     5             -45.000000                  V(n4) NodalCurrent(n6) artif
LP status(3): infeasible
Cplex Time: 0.00sec (det. 0.02 ticks)

Model has been proven infeasible.
--- Restarting execution
--- OPF.gms(270) 2 Mb
--- Reading solution for model OPF
--- Executing after solve: elapsed 0:00:00.193
--- OPF.gms(273) 3 Mb
*** Status: Normal completion
--- Job OPF.gms Stop 10/21/15 11:06:47 elapsed 0:00:00.199
